<?xml version="1.0" encoding="UTF-8"?>
<!-- Generated by org.testng.reporters.JUnitReportReporter -->
<testsuite skipped="0" hostname="BDC4-L-1SL6QQ2" name="com.test.Demo3_JavaClass" tests="1" failures="0" timestamp="2020-07-13T12:56:41 IST" time="0.001" errors="0">
  <testcase name="f" time="0.001" classname="com.test.Demo3_JavaClass"/>
</testsuite> <!-- com.test.Demo3_JavaClass -->
