<?xml version="1.0" encoding="UTF-8"?>
<!-- Generated by org.testng.reporters.JUnitReportReporter -->
<testsuite skipped="0" hostname="BDC4-L-1SL6QQ2" name="com.test.KeyStrokes_Action" tests="1" failures="0" timestamp="2020-07-14T10:54:49 IST" time="15.060" errors="0">
  <testcase name="f" time="15.060" classname="com.test.KeyStrokes_Action"/>
</testsuite> <!-- com.test.KeyStrokes_Action -->
