<?xml version="1.0" encoding="UTF-8"?>
<!-- Generated by org.testng.reporters.JUnitReportReporter -->
<testsuite skipped="0" hostname="BDC4-L-1SL6QQ2" name="com.test.Demo1_TestNG" tests="2" failures="0" timestamp="2020-07-13T12:56:41 IST" time="0.009" errors="0">
  <testcase name="f2" time="0.002" classname="com.test.Demo1_TestNG"/>
  <testcase name="f1" time="0.007" classname="com.test.Demo1_TestNG"/>
</testsuite> <!-- com.test.Demo1_TestNG -->
