<?xml version="1.0" encoding="UTF-8"?>
<!-- Generated by org.testng.reporters.JUnitReportReporter -->
<testsuite skipped="0" hostname="BDC4-L-1SL6QQ2" name="POM.POMTestcase2" tests="1" failures="0" timestamp="2020-07-15T11:48:05 IST" time="18.671" errors="0">
  <testcase name="f" time="18.671" classname="POM.POMTestcase2"/>
</testsuite> <!-- POM.POMTestcase2 -->
