<?xml version="1.0" encoding="UTF-8"?>
<!-- Generated by org.testng.reporters.JUnitReportReporter -->
<testsuite skipped="0" hostname="BDC4-L-1SL6QQ2" name="com.test.WindowsHandling" tests="1" failures="0" timestamp="2020-07-14T15:01:18 IST" time="24.684" errors="0">
  <testcase name="f" time="24.684" classname="com.test.WindowsHandling"/>
</testsuite> <!-- com.test.WindowsHandling -->
