<?xml version="1.0" encoding="UTF-8"?>
<!-- Generated by org.testng.reporters.JUnitReportReporter -->
<testsuite skipped="0" hostname="BDC4-L-1SL6QQ2" name="POM.POMTestcase" tests="1" failures="0" timestamp="2020-07-15T09:58:32 IST" time="18.339" errors="0">
  <testcase name="f" time="18.339" classname="POM.POMTestcase"/>
</testsuite> <!-- POM.POMTestcase -->
