<?xml version="1.0" encoding="UTF-8"?>
<!-- Generated by org.testng.reporters.JUnitReportReporter -->
<testsuite skipped="0" hostname="BDC4-L-1SL6QQ2" name="com.test.Webdriver_Demo1" tests="1" failures="0" timestamp="2020-07-13T15:59:44 IST" time="21.962" errors="0">
  <testcase name="f" time="21.962" classname="com.test.Webdriver_Demo1"/>
</testsuite> <!-- com.test.Webdriver_Demo1 -->
