<?xml version="1.0" encoding="UTF-8"?>
<!-- Generated by org.testng.reporters.JUnitReportReporter -->
<testsuite skipped="0" hostname="BDC4-L-1SL6QQ2" name="com.test.MouseHover_Action" tests="1" failures="0" timestamp="2020-07-14T09:44:24 IST" time="14.882" errors="0">
  <testcase name="f" time="14.882" classname="com.test.MouseHover_Action"/>
</testsuite> <!-- com.test.MouseHover_Action -->
