<?xml version="1.0" encoding="UTF-8"?>
<!-- Generated by org.testng.reporters.JUnitReportReporter -->
<testsuite skipped="0" hostname="BDC4-L-1SL6QQ2" name="com.test.Demo2_TestNG" tests="2" failures="0" timestamp="2020-07-13T13:11:37 IST" time="0.012" errors="0">
  <testcase name="Login" time="0.001" classname="com.test.Demo2_TestNG"/>
  <testcase name="B" time="0.011" classname="com.test.Demo2_TestNG"/>
</testsuite> <!-- com.test.Demo2_TestNG -->
