<?xml version="1.0" encoding="UTF-8"?>
<!-- Generated by org.testng.reporters.JUnitReportReporter -->
<testsuite skipped="0" hostname="BDC4-L-1SL6QQ2" name="com.test.Demo4_Robot1" tests="1" failures="0" timestamp="2020-07-14T13:04:42 IST" time="11.292" errors="0">
  <testcase name="f" time="11.292" classname="com.test.Demo4_Robot1"/>
</testsuite> <!-- com.test.Demo4_Robot1 -->
