<?xml version="1.0" encoding="UTF-8"?>
<!-- Generated by org.testng.reporters.JUnitReportReporter -->
<testsuite skipped="0" hostname="BDC4-L-1SL6QQ2" name="com.test.DragandDrop" tests="1" failures="0" timestamp="2020-07-14T12:14:09 IST" time="56.786" errors="0">
  <testcase name="f" time="56.786" classname="com.test.DragandDrop"/>
</testsuite> <!-- com.test.DragandDrop -->
