<?xml version="1.0" encoding="UTF-8"?>
<!-- Generated by org.testng.reporters.JUnitReportReporter -->
<testsuite skipped="0" hostname="BDC4-L-1SL6QQ2" name="com.test.ExcelReading_POI" tests="1" failures="0" timestamp="2020-07-14T16:14:10 IST" time="79.251" errors="0">
  <testcase name="f" time="79.251" classname="com.test.ExcelReading_POI"/>
</testsuite> <!-- com.test.ExcelReading_POI -->
