<?xml version="1.0" encoding="UTF-8"?>
<!-- Generated by org.testng.reporters.JUnitReportReporter -->
<testsuite skipped="0" hostname="BDC4-L-1SL6QQ2" name="com.test.Demo5_Fileuploading" tests="1" failures="0" timestamp="2020-07-14T13:19:05 IST" time="42.829" errors="0">
  <testcase name="f" time="42.829" classname="com.test.Demo5_Fileuploading"/>
</testsuite> <!-- com.test.Demo5_Fileuploading -->
